<?xml version="1.0" encoding="UTF-8"?>
<!-- Generated by org.testng.reporters.JUnitReportReporter -->
<testsuite hostname="LP-PF1VPELT" failures="0" tests="4" name="quickstart.Tests.DemoTest" time="21.993" errors="0" timestamp="2021-04-27T13:53:36 IST" skipped="0">
  <testcase classname="quickstart.Tests.DemoTest" name="GoogleSearch_Facebook" time="6.037"/>
  <system-out/>
  <testcase classname="quickstart.Tests.DemoTest" name="GoogleSearch_automationScript" time="5.057"/>
  <system-out/>
  <testcase classname="quickstart.Tests.DemoTest" name="GoogleSearch_Twitter" time="5.667"/>
  <system-out/>
  <testcase classname="quickstart.Tests.DemoTest" name="GoogleSearch_LinkedIn" time="5.232"/>
  <system-out/>
</testsuite> <!-- quickstart.Tests.DemoTest -->
